Starting job, on Thu, 28 Jun 12 00:18:01 +0200.
Job Done. 
Starting job, on Thu, 28 Jun 12 00:19:02 +0200.
Job Done. 
Starting job, on Fri, 29 Jun 12 00:00:01 +0200
Starting job, on Sat, 30 Jun 12 00:00:01 +0200
Error: Mysql: Unknown column 'access_unique' in 'field list' Db::insert.Failed to Insert Stat.
Starting job, on Sun, 01 Jul 12 00:00:01 +0200
Error: Mysql: Unknown column 'access_unique' in 'field list' Db::insert.Failed to Insert Stat.
Starting job, on Mon, 02 Jul 12 00:00:01 +0200
Error: Mysql: Unknown column 'access_unique' in 'field list' Db::insert.Failed to Insert Stat.
Starting job, on Wed, 04 Jul 12 11:46:48 +0200
Error: Mysql: Unknown column 'access_unique' in 'field list' Db::insert.Starting job, on Wed, 04 Jul 12 12:00:35 +0200
<h3 class="error padder">Sorry Fatal error occured while processing your request. Error registered: Allowed memory size of 536870912 bytes exhausted (tried to allocate 104344 bytes) in /var/www/vhosts/ns383426.ovh.net/pixyt/inc/php/func/db.php on line 136. Failure importance: 100%</h3>Starting job, on Wed, 04 Jul 12 12:55:41 +0200
Error: Mysql: Unknown column 'lenght' in 'field list' Db::insert.Starting job, on Thu, 05 Jul 12 00:00:02 +0200
Starting job, on Fri, 06 Jul 12 00:00:01 +0200
Starting job, on Sat, 07 Jul 12 00:00:02 +0200
Starting job, on Sun, 08 Jul 12 00:00:01 +0200
Starting job, on Mon, 09 Jul 12 00:00:01 +0200
Starting job, on Tue, 10 Jul 12 00:00:01 +0200
Starting job, on Wed, 11 Jul 12 00:00:01 +0200
Starting job, on Thu, 12 Jul 12 00:00:01 +0200
Starting job, on Fri, 13 Jul 12 00:00:02 +0200
Starting job, on Sat, 14 Jul 12 00:00:01 +0200
Starting job, on Sun, 15 Jul 12 00:00:01 +0200
Starting job, on Mon, 16 Jul 12 00:00:01 +0200
Starting job, on Tue, 17 Jul 12 00:00:02 +0200
Starting job, on Wed, 18 Jul 12 00:00:01 +0200
Starting job, on Thu, 19 Jul 12 00:00:01 +0200
Starting job, on Fri, 20 Jul 12 00:00:01 +0200
Starting job, on Sat, 21 Jul 12 00:00:02 +0200
Starting job, on Sun, 22 Jul 12 00:00:02 +0200
Starting job, on Mon, 23 Jul 12 00:00:01 +0200
Starting job, on Tue, 24 Jul 12 00:00:01 +0200
Starting job, on Wed, 25 Jul 12 00:00:01 +0200
Starting job, on Thu, 26 Jul 12 00:00:02 +0200
Starting job, on Fri, 27 Jul 12 00:00:02 +0200
Starting job, on Sat, 28 Jul 12 00:00:01 +0200
Starting job, on Sun, 29 Jul 12 00:00:02 +0200
Starting job, on Mon, 30 Jul 12 00:00:01 +0200
Starting job, on Tue, 31 Jul 12 00:00:01 +0200
Starting job, on Wed, 01 Aug 12 00:00:01 +0200
Starting job, on Thu, 02 Aug 12 00:00:01 +0200
Starting job, on Fri, 03 Aug 12 00:00:01 +0200
Starting job, on Sat, 04 Aug 12 00:00:02 +0200
Starting job, on Sun, 05 Aug 12 00:00:02 +0200
Starting job, on Mon, 06 Aug 12 00:00:02 +0200
Starting job, on Tue, 07 Aug 12 00:00:02 +0200

Notice: Undefined index: url in /var/www/vhosts/ns383426.ovh.net/pixyt/inc/php/func/translate.php on line 56

Notice: Undefined index: HTTP_USER_AGENT in /var/www/vhosts/ns383426.ovh.net/pixyt/local/config.php on line 219

Warning: get_browser(): HTTP_USER_AGENT variable is not set, cannot determine user agent name in /var/www/vhosts/ns383426.ovh.net/pixyt/local/config.php on line 219

Notice: Undefined index: HTTP_HOST in /var/www/vhosts/ns383426.ovh.net/pixyt/local/config.php on line 239
Starting job, on Wed, 08 Aug 12 00:00:02 +0200

Notice: Undefined index: HTTP_USER_AGENT in /var/www/vhosts/ns383426.ovh.net/pixyt/local/config.php on line 219

Warning: get_browser(): HTTP_USER_AGENT variable is not set, cannot determine user agent name in /var/www/vhosts/ns383426.ovh.net/pixyt/local/config.php on line 219

Notice: Undefined index: HTTP_HOST in /var/www/vhosts/ns383426.ovh.net/pixyt/local/config.php on line 239
Starting job, on Thu, 09 Aug 12 00:00:02 +0200

Notice: Undefined index: HTTP_USER_AGENT in /var/www/vhosts/ns383426.ovh.net/pixyt/local/config.php on line 219

Warning: get_browser(): HTTP_USER_AGENT variable is not set, cannot determine user agent name in /var/www/vhosts/ns383426.ovh.net/pixyt/local/config.php on line 219

Notice: Undefined index: HTTP_HOST in /var/www/vhosts/ns383426.ovh.net/pixyt/local/config.php on line 239
Starting job, on Fri, 10 Aug 12 00:00:02 +0200

Notice: Undefined index: HTTP_USER_AGENT in /var/www/vhosts/ns383426.ovh.net/pixyt/local/config.php on line 219

Warning: get_browser(): HTTP_USER_AGENT variable is not set, cannot determine user agent name in /var/www/vhosts/ns383426.ovh.net/pixyt/local/config.php on line 219

Notice: Undefined index: HTTP_HOST in /var/www/vhosts/ns383426.ovh.net/pixyt/local/config.php on line 239
Starting job, on Sat, 11 Aug 12 00:00:02 +0200

Notice: Undefined index: HTTP_USER_AGENT in /var/www/vhosts/ns383426.ovh.net/pixyt/local/config.php on line 219

Warning: get_browser(): HTTP_USER_AGENT variable is not set, cannot determine user agent name in /var/www/vhosts/ns383426.ovh.net/pixyt/local/config.php on line 219

Notice: Undefined index: HTTP_HOST in /var/www/vhosts/ns383426.ovh.net/pixyt/local/config.php on line 239
Starting job, on Sun, 12 Aug 12 00:00:02 +0200

Notice: Undefined index: HTTP_USER_AGENT in /var/www/vhosts/ns383426.ovh.net/pixyt/local/config.php on line 219

Warning: get_browser(): HTTP_USER_AGENT variable is not set, cannot determine user agent name in /var/www/vhosts/ns383426.ovh.net/pixyt/local/config.php on line 219

Notice: Undefined index: HTTP_HOST in /var/www/vhosts/ns383426.ovh.net/pixyt/local/config.php on line 239
Starting job, on Mon, 13 Aug 12 00:00:02 +0200

Notice: Undefined index: HTTP_USER_AGENT in /var/www/vhosts/ns383426.ovh.net/pixyt/local/config.php on line 219

Warning: get_browser(): HTTP_USER_AGENT variable is not set, cannot determine user agent name in /var/www/vhosts/ns383426.ovh.net/pixyt/local/config.php on line 219

Notice: Undefined index: HTTP_HOST in /var/www/vhosts/ns383426.ovh.net/pixyt/local/config.php on line 239
Starting job, on Tue, 14 Aug 12 00:00:02 +0200

Notice: Undefined index: HTTP_USER_AGENT in /var/www/vhosts/ns383426.ovh.net/pixyt/local/config.php on line 219

Warning: get_browser(): HTTP_USER_AGENT variable is not set, cannot determine user agent name in /var/www/vhosts/ns383426.ovh.net/pixyt/local/config.php on line 219

Notice: Undefined index: HTTP_HOST in /var/www/vhosts/ns383426.ovh.net/pixyt/local/config.php on line 239
Starting job, on Wed, 15 Aug 12 00:00:02 +0200

Notice: Undefined index: HTTP_USER_AGENT in /var/www/vhosts/ns383426.ovh.net/pixyt/local/config.php on line 211

Warning: get_browser(): HTTP_USER_AGENT variable is not set, cannot determine user agent name in /var/www/vhosts/ns383426.ovh.net/pixyt/local/config.php on line 211

Notice: Undefined index: HTTP_HOST in /var/www/vhosts/ns383426.ovh.net/pixyt/local/config.php on line 231
Starting job, on Thu, 16 Aug 12 00:00:02 +0200

Notice: Undefined index: HTTP_USER_AGENT in /var/www/vhosts/ns383426.ovh.net/pixyt/local/config.php on line 214

Warning: get_browser(): HTTP_USER_AGENT variable is not set, cannot determine user agent name in /var/www/vhosts/ns383426.ovh.net/pixyt/local/config.php on line 214

Notice: Undefined index: HTTP_HOST in /var/www/vhosts/ns383426.ovh.net/pixyt/local/config.php on line 229
Starting job, on Fri, 17 Aug 12 00:00:02 +0200

Notice: Undefined index: HTTP_USER_AGENT in /var/www/vhosts/ns383426.ovh.net/pixyt/local/config.php on line 214

Warning: get_browser(): HTTP_USER_AGENT variable is not set, cannot determine user agent name in /var/www/vhosts/ns383426.ovh.net/pixyt/local/config.php on line 214

Notice: Undefined index: HTTP_HOST in /var/www/vhosts/ns383426.ovh.net/pixyt/local/config.php on line 229
Starting job, on Sat, 18 Aug 12 00:00:02 +0200

Notice: Undefined index: HTTP_USER_AGENT in /var/www/vhosts/ns383426.ovh.net/pixyt/local/config.php on line 214

Warning: get_browser(): HTTP_USER_AGENT variable is not set, cannot determine user agent name in /var/www/vhosts/ns383426.ovh.net/pixyt/local/config.php on line 214

Notice: Undefined index: HTTP_HOST in /var/www/vhosts/ns383426.ovh.net/pixyt/local/config.php on line 229
Starting job, on Sun, 19 Aug 12 00:00:02 +0200

Notice: Undefined index: HTTP_USER_AGENT in /var/www/vhosts/ns383426.ovh.net/pixyt/local/config.php on line 214

Warning: get_browser(): HTTP_USER_AGENT variable is not set, cannot determine user agent name in /var/www/vhosts/ns383426.ovh.net/pixyt/local/config.php on line 214

Notice: Undefined index: HTTP_HOST in /var/www/vhosts/ns383426.ovh.net/pixyt/local/config.php on line 229
Starting job, on Mon, 20 Aug 12 00:00:02 +0200

Notice: Undefined index: HTTP_USER_AGENT in /var/www/vhosts/ns383426.ovh.net/pixyt/local/config.php on line 214

Warning: get_browser(): HTTP_USER_AGENT variable is not set, cannot determine user agent name in /var/www/vhosts/ns383426.ovh.net/pixyt/local/config.php on line 214

Notice: Undefined index: HTTP_HOST in /var/www/vhosts/ns383426.ovh.net/pixyt/local/config.php on line 229
Starting job, on Tue, 21 Aug 12 00:00:02 +0200

Notice: Undefined index: HTTP_USER_AGENT in /var/www/vhosts/ns383426.ovh.net/pixyt/local/config.php on line 214

Warning: get_browser(): HTTP_USER_AGENT variable is not set, cannot determine user agent name in /var/www/vhosts/ns383426.ovh.net/pixyt/local/config.php on line 214

Notice: Undefined index: HTTP_HOST in /var/www/vhosts/ns383426.ovh.net/pixyt/local/config.php on line 229
Starting job, on Wed, 22 Aug 12 00:00:02 +0200

Notice: Undefined index: HTTP_USER_AGENT in /var/www/vhosts/ns383426.ovh.net/pixyt/local/config.php on line 214

Warning: get_browser(): HTTP_USER_AGENT variable is not set, cannot determine user agent name in /var/www/vhosts/ns383426.ovh.net/pixyt/local/config.php on line 214

Notice: Undefined index: HTTP_HOST in /var/www/vhosts/ns383426.ovh.net/pixyt/local/config.php on line 229
Starting job, on Thu, 23 Aug 12 00:00:02 +0200

Notice: Undefined index: HTTP_USER_AGENT in /var/www/vhosts/ns383426.ovh.net/pixyt/local/config.php on line 214

Warning: get_browser(): HTTP_USER_AGENT variable is not set, cannot determine user agent name in /var/www/vhosts/ns383426.ovh.net/pixyt/local/config.php on line 214

Notice: Undefined index: HTTP_HOST in /var/www/vhosts/ns383426.ovh.net/pixyt/local/config.php on line 229
Starting job, on Fri, 24 Aug 12 00:00:02 +0200

Notice: Undefined index: HTTP_USER_AGENT in /var/www/vhosts/ns383426.ovh.net/pixyt/local/config.php on line 214

Warning: get_browser(): HTTP_USER_AGENT variable is not set, cannot determine user agent name in /var/www/vhosts/ns383426.ovh.net/pixyt/local/config.php on line 214

Notice: Undefined index: HTTP_HOST in /var/www/vhosts/ns383426.ovh.net/pixyt/local/config.php on line 229
Starting job, on Sat, 25 Aug 12 00:00:02 +0200

Notice: Undefined index: HTTP_USER_AGENT in /var/www/vhosts/ns383426.ovh.net/pixyt/local/config.php on line 216

Warning: get_browser(): HTTP_USER_AGENT variable is not set, cannot determine user agent name in /var/www/vhosts/ns383426.ovh.net/pixyt/local/config.php on line 216

Notice: Undefined index: HTTP_HOST in /var/www/vhosts/ns383426.ovh.net/pixyt/local/config.php on line 231
Starting job, on Sun, 26 Aug 12 00:00:02 +0200

Notice: Undefined index: HTTP_USER_AGENT in /var/www/vhosts/ns383426.ovh.net/pixyt/local/config.php on line 216

Warning: get_browser(): HTTP_USER_AGENT variable is not set, cannot determine user agent name in /var/www/vhosts/ns383426.ovh.net/pixyt/local/config.php on line 216

Notice: Undefined index: HTTP_HOST in /var/www/vhosts/ns383426.ovh.net/pixyt/local/config.php on line 231
Starting job, on Mon, 27 Aug 12 00:00:02 +0200

Notice: Undefined index: HTTP_USER_AGENT in /var/www/vhosts/ns383426.ovh.net/pixyt/local/config.php on line 216

Warning: get_browser(): HTTP_USER_AGENT variable is not set, cannot determine user agent name in /var/www/vhosts/ns383426.ovh.net/pixyt/local/config.php on line 216

Notice: Undefined index: HTTP_HOST in /var/www/vhosts/ns383426.ovh.net/pixyt/local/config.php on line 231
Starting job, on Tue, 28 Aug 12 00:00:02 +0200

Notice: Undefined index: HTTP_USER_AGENT in /var/www/vhosts/ns383426.ovh.net/pixyt/local/config.php on line 216

Warning: get_browser(): HTTP_USER_AGENT variable is not set, cannot determine user agent name in /var/www/vhosts/ns383426.ovh.net/pixyt/local/config.php on line 216

Notice: Undefined index: HTTP_HOST in /var/www/vhosts/ns383426.ovh.net/pixyt/local/config.php on line 231
Starting job, on Wed, 29 Aug 12 00:00:02 +0200

Notice: Undefined index: HTTP_USER_AGENT in /var/www/vhosts/ns383426.ovh.net/pixyt/local/config.php on line 216

Warning: get_browser(): HTTP_USER_AGENT variable is not set, cannot determine user agent name in /var/www/vhosts/ns383426.ovh.net/pixyt/local/config.php on line 216

Notice: Undefined index: HTTP_HOST in /var/www/vhosts/ns383426.ovh.net/pixyt/local/config.php on line 231
Starting job, on Thu, 30 Aug 12 00:00:02 +0200

Notice: Undefined index: HTTP_USER_AGENT in /var/www/vhosts/ns383426.ovh.net/pixyt/local/config.php on line 216

Warning: get_browser(): HTTP_USER_AGENT variable is not set, cannot determine user agent name in /var/www/vhosts/ns383426.ovh.net/pixyt/local/config.php on line 216

Notice: Undefined index: HTTP_HOST in /var/www/vhosts/ns383426.ovh.net/pixyt/local/config.php on line 231
Starting job, on Fri, 31 Aug 12 00:00:02 +0200

Notice: Undefined index: HTTP_USER_AGENT in /var/www/vhosts/ns383426.ovh.net/pixyt/local/config.php on line 216

Warning: get_browser(): HTTP_USER_AGENT variable is not set, cannot determine user agent name in /var/www/vhosts/ns383426.ovh.net/pixyt/local/config.php on line 216

Notice: Undefined index: HTTP_HOST in /var/www/vhosts/ns383426.ovh.net/pixyt/local/config.php on line 231
Starting job, on Sat, 01 Sep 12 00:00:02 +0200

Notice: Undefined index: HTTP_USER_AGENT in /var/www/vhosts/ns383426.ovh.net/pixyt/local/config.php on line 216

Warning: get_browser(): HTTP_USER_AGENT variable is not set, cannot determine user agent name in /var/www/vhosts/ns383426.ovh.net/pixyt/local/config.php on line 216

Notice: Undefined index: HTTP_HOST in /var/www/vhosts/ns383426.ovh.net/pixyt/local/config.php on line 231
Starting job, on Sun, 02 Sep 12 00:00:02 +0200

Notice: Undefined index: HTTP_USER_AGENT in /var/www/vhosts/ns383426.ovh.net/pixyt/local/config.php on line 216

Warning: get_browser(): HTTP_USER_AGENT variable is not set, cannot determine user agent name in /var/www/vhosts/ns383426.ovh.net/pixyt/local/config.php on line 216

Notice: Undefined index: HTTP_HOST in /var/www/vhosts/ns383426.ovh.net/pixyt/local/config.php on line 231
Starting job, on Mon, 03 Sep 12 00:00:02 +0200

Notice: Undefined index: HTTP_USER_AGENT in /var/www/vhosts/ns383426.ovh.net/pixyt/local/config.php on line 216

Warning: get_browser(): HTTP_USER_AGENT variable is not set, cannot determine user agent name in /var/www/vhosts/ns383426.ovh.net/pixyt/local/config.php on line 216

Notice: Undefined index: HTTP_HOST in /var/www/vhosts/ns383426.ovh.net/pixyt/local/config.php on line 231
Starting job, on Tue, 04 Sep 12 00:00:02 +0200
Starting job, on Wed, 05 Sep 12 00:00:01 +0200
Starting job, on Thu, 06 Sep 12 00:00:01 +0200
Starting job, on Fri, 07 Sep 12 00:00:02 +0200
Starting job, on Sat, 08 Sep 12 00:00:02 +0200
Starting job, on Sun, 09 Sep 12 00:00:02 +0200
Starting job, on Mon, 10 Sep 12 00:00:02 +0200
Starting job, on Tue, 11 Sep 12 00:00:01 +0200
Starting job, on Wed, 12 Sep 12 00:00:01 +0200
Starting job, on Thu, 13 Sep 12 00:00:02 +0200
Starting job, on Fri, 14 Sep 12 00:00:01 +0200
Starting job, on Sat, 15 Sep 12 00:00:02 +0200
Starting job, on Sun, 16 Sep 12 00:00:01 +0200
Starting job, on Mon, 17 Sep 12 00:00:01 +0200
Starting job, on Tue, 18 Sep 12 00:00:02 +0200
Starting job, on Wed, 19 Sep 12 00:00:02 +0200
Starting job, on Thu, 20 Sep 12 00:00:02 +0200
Starting job, on Fri, 21 Sep 12 00:00:01 +0200
Starting job, on Sat, 22 Sep 12 00:00:02 +0200
Starting job, on Sun, 23 Sep 12 00:00:02 +0200
Starting job, on Mon, 24 Sep 12 00:00:02 +0200
Starting job, on Tue, 25 Sep 12 00:00:02 +0200
Starting job, on Wed, 26 Sep 12 00:00:02 +0200
Starting job, on Thu, 27 Sep 12 00:00:02 +0200
Starting job, on Fri, 28 Sep 12 00:00:02 +0200
Starting job, on Sat, 29 Sep 12 00:00:02 +0200
Starting job, on Sun, 30 Sep 12 00:00:02 +0200
Starting job, on Mon, 01 Oct 12 00:00:02 +0200
Starting job, on Tue, 02 Oct 12 00:00:02 +0200
Starting job, on Wed, 03 Oct 12 00:00:02 +0200
Starting job, on Thu, 04 Oct 12 00:00:02 +0200
Starting job, on Fri, 05 Oct 12 00:00:02 +0200
Starting job, on Sat, 06 Oct 12 00:00:02 +0200
Starting job, on Sun, 07 Oct 12 00:00:02 +0200
Starting job, on Mon, 08 Oct 12 00:00:02 +0200
Starting job, on Tue, 09 Oct 12 00:00:02 +0200
Starting job, on Wed, 10 Oct 12 00:00:02 +0200
Starting job, on Thu, 11 Oct 12 00:00:02 +0200
Starting job, on Fri, 12 Oct 12 00:00:02 +0200
Starting job, on Sat, 13 Oct 12 00:00:02 +0200
Starting job, on Sun, 14 Oct 12 00:00:01 +0200
Starting job, on Mon, 15 Oct 12 00:00:02 +0200
Starting job, on Tue, 16 Oct 12 00:00:01 +0200
Starting job, on Wed, 17 Oct 12 00:00:02 +0200
Starting job, on Thu, 18 Oct 12 00:00:01 +0200
Starting job, on Fri, 19 Oct 12 00:00:01 +0200
Starting job, on Sat, 20 Oct 12 00:00:02 +0200
Starting job, on Sun, 21 Oct 12 00:00:01 +0200
Starting job, on Mon, 22 Oct 12 00:00:02 +0200
Starting job, on Tue, 23 Oct 12 00:00:02 +0200
Starting job, on Wed, 24 Oct 12 00:00:01 +0200
Starting job, on Thu, 25 Oct 12 00:00:01 +0200
Starting job, on Fri, 26 Oct 12 00:00:02 +0200
Starting job, on Sat, 27 Oct 12 00:00:02 +0200
Starting job, on Sun, 28 Oct 12 00:00:02 +0200
Starting job, on Mon, 29 Oct 12 00:00:02 +0100
Starting job, on Tue, 30 Oct 12 00:00:02 +0100
Starting job, on Wed, 31 Oct 12 00:00:02 +0100
Starting job, on Thu, 01 Nov 12 00:00:02 +0100
Starting job, on Fri, 02 Nov 12 00:00:02 +0100
Starting job, on Sat, 03 Nov 12 00:00:02 +0100
Starting job, on Sun, 04 Nov 12 00:00:02 +0100
Starting job, on Mon, 05 Nov 12 00:00:01 +0100
Starting job, on Tue, 06 Nov 12 00:00:02 +0100
Starting job, on Wed, 07 Nov 12 00:00:01 +0100
Starting job, on Thu, 08 Nov 12 00:00:02 +0100
Starting job, on Fri, 09 Nov 12 00:00:01 +0100
Starting job, on Sat, 10 Nov 12 00:00:02 +0100
Starting job, on Sun, 11 Nov 12 00:00:02 +0100
Starting job, on Mon, 12 Nov 12 00:00:01 +0100
Starting job, on Tue, 13 Nov 12 00:00:02 +0100
Starting job, on Wed, 14 Nov 12 00:00:01 +0100
Starting job, on Thu, 15 Nov 12 00:00:02 +0100
Starting job, on Fri, 16 Nov 12 00:00:01 +0100
Starting job, on Sat, 17 Nov 12 00:00:02 +0100
Starting job, on Sun, 18 Nov 12 00:00:02 +0100
Starting job, on Mon, 19 Nov 12 00:00:01 +0100
Starting job, on Tue, 20 Nov 12 00:00:02 +0100
Starting job, on Wed, 21 Nov 12 00:00:02 +0100
Starting job, on Thu, 22 Nov 12 00:00:02 +0100
Starting job, on Fri, 23 Nov 12 00:00:02 +0100
Starting job, on Sat, 24 Nov 12 00:00:02 +0100
Starting job, on Sun, 25 Nov 12 00:00:01 +0100
Starting job, on Mon, 26 Nov 12 00:00:02 +0100
Starting job, on Tue, 27 Nov 12 00:00:02 +0100
Starting job, on Wed, 28 Nov 12 00:00:01 +0100
Starting job, on Thu, 29 Nov 12 00:00:01 +0100
Starting job, on Fri, 30 Nov 12 00:00:01 +0100
Starting job, on Sat, 01 Dec 12 00:00:02 +0100
Starting job, on Sun, 02 Dec 12 00:00:02 +0100
Starting job, on Mon, 03 Dec 12 00:00:02 +0100
Starting job, on Tue, 04 Dec 12 00:00:02 +0100
